


ARM Macro Assembler    Page 1 


    1 00000000         
    2 00000000                 IMPORT           SVC_Handler_Main
    3 00000000                 EXPORT           SVC_Handler
    4 00000000                 EXPORT           ASM_Switch_To_Unprivileged
    5 00000000         
    6 00000000                 AREA             |.text|, CODE, READONLY, ALIGN=
2
    7 00000000                 THUMB
    8 00000000                 REQUIRE8
    9 00000000                 PRESERVE8
   10 00000000         
   11 00000000         ; @brief  This function handles SVCall exception.
   12 00000000         ; @param  None
   13 00000000         ; @retval None
   14 00000000         SVC_Handler
   15 00000000 F01E 0F04       TST              LR, #4
   16 00000004 BF0C F3EF 
              8108             MRSEQ            R1, MSP
   17 0000000A F3EF 8109       MRSNE            R1, PSP
   18 0000000E         
   19 0000000E 4602            MOV              R2, R0
   20 00000010         
   21 00000010         ;r1 <- sp
   22 00000010 6988            LDR              R0, [R1,#24]
   23 00000012         ;r0 <- pc
   24 00000012 F1A0 0002       SUB              R0, 2
   25 00000016         ;r0 <- instruction pointer
   26 00000016 6801            LDR              R1, [R0]
   27 00000018         ; r1 <- instruction
   28 00000018 F001 00FF       AND              R0, R1, 0xFF
   29 0000001C         
   30 0000001C F7FF BFFE       B                SVC_Handler_Main
   31 00000020         
   32 00000020         ASM_Switch_To_Unprivileged
   33 00000020 F3EF 8014       MRS              R0, control
   34 00000024 F040 0001       ORR              R0, #1
   35 00000028 F380 8814       MSR              control, R0
   36 0000002C 4770            BX               LR
   37 0000002E         
   38 0000002E         
   39 0000002E         
   40 0000002E                 END
Command Line: --debug --xref --diag_suppress=9931 --cpu=Cortex-M3 --apcs=interw
ork --depend=.\output\user_asm.d -o.\output\user_asm.o -I"F:\Program Files\Keil
_v5\ARM\RV31\INC" -I"F:\Program Files\Keil_v5\ARM\CMSIS\Include" -I"F:\Program 
Files\Keil_v5\ARM\INC\ST\STM32F10x" --predefine="__EVAL SETA 1" --predefine="__
MICROLIB SETA 1" --predefine="__UVISION_VERSION SETA 536" --list=.\list\user_as
m.lst user_asm.s



ARM Macro Assembler    Page 1 Alphabetic symbol ordering
Relocatable symbols

.text 00000000

Symbol: .text
   Definitions
      At line 6 in file user_asm.s
   Uses
      None
Comment: .text unused
ASM_Switch_To_Unprivileged 00000020

Symbol: ASM_Switch_To_Unprivileged
   Definitions
      At line 32 in file user_asm.s
   Uses
      At line 4 in file user_asm.s
Comment: ASM_Switch_To_Unprivileged used once
SVC_Handler 00000000

Symbol: SVC_Handler
   Definitions
      At line 14 in file user_asm.s
   Uses
      At line 3 in file user_asm.s
Comment: SVC_Handler used once
3 symbols



ARM Macro Assembler    Page 1 Alphabetic symbol ordering
External symbols

SVC_Handler_Main 00000000

Symbol: SVC_Handler_Main
   Definitions
      At line 2 in file user_asm.s
   Uses
      At line 30 in file user_asm.s
Comment: SVC_Handler_Main used once
1 symbol
337 symbols in table
